build/app/intermediates/manifest_merge_blame_file/debug/manifest-merger-blame-debug-report.txt
1<?xml version="1.0" encoding="utf-8"?>
2<manifest xmlns:android="http://schemas.android.com/apk/res/android"
3    package="kr.co.expertbuilder.thanks3"
4    android:versionCode="1"
5    android:versionName="1.0" >
6
7    <uses-sdk
8        android:minSdkVersion="20"
9        android:targetSdkVersion="30" />
10    <!--
11         Flutter needs it to communicate with the running application
12         to allow setting breakpoints, to provide hot reload, etc.
13    -->
14    <uses-permission android:name="android.permission.INTERNET" />
14-->src/debug/AndroidManifest.xml:6:5-66
14-->src/debug/AndroidManifest.xml:6:22-64
15    <!-- local notification -->
16    <uses-permission android:name="android.permission.RECEIVE_BOOT_COMPLETED" />
16-->src/main/AndroidManifest.xml:5:5-80
16-->src/main/AndroidManifest.xml:5:22-78
17    <uses-permission android:name="android.permission.VIBRATE" />
17-->src/main/AndroidManifest.xml:6:5-66
17-->src/main/AndroidManifest.xml:6:22-63
18    <uses-permission android:name="android.permission.WAKE_LOCK" />
18-->src/main/AndroidManifest.xml:7:5-68
18-->src/main/AndroidManifest.xml:7:22-65
19    <uses-permission android:name="android.permission.USE_FULL_SCREEN_INTENT" />
19-->src/main/AndroidManifest.xml:8:5-81
19-->src/main/AndroidManifest.xml:8:22-78
20    <uses-permission android:name="android.permission.SCHEDULE_EXACT_ALARM" />
20-->[:flutter_local_notifications] AndroidManifest.xml:10:5-79
20-->[:flutter_local_notifications] AndroidManifest.xml:10:22-76
21
22    <application
22-->src/main/AndroidManifest.xml:10:4-72:19
23        android:appComponentFactory="androidx.core.app.CoreComponentFactory"
23-->[androidx.core:core:1.3.0] AndroidManifest.xml:24:18-86
24        android:debuggable="true"
25        android:icon="@mipmap/ic_launcher"
25-->src/main/AndroidManifest.xml:12:9-43
26        android:label="thanks2"
26-->src/main/AndroidManifest.xml:11:9-32
27        android:testOnly="true" >
28        <activity
28-->src/main/AndroidManifest.xml:13:9-55:20
29            android:name="com.example.thanks2.MainActivity"
29-->src/main/AndroidManifest.xml:14:13-41
30            android:configChanges="orientation|keyboardHidden|keyboard|screenSize|smallestScreenSize|locale|layoutDirection|fontScale|screenLayout|density|uiMode"
30-->src/main/AndroidManifest.xml:17:13-163
31            android:hardwareAccelerated="true"
31-->src/main/AndroidManifest.xml:18:13-47
32            android:launchMode="singleTop"
32-->src/main/AndroidManifest.xml:15:13-43
33            android:showWhenLocked="true"
33-->src/main/AndroidManifest.xml:20:13-42
34            android:theme="@style/LaunchTheme"
34-->src/main/AndroidManifest.xml:16:13-47
35            android:turnScreenOn="true"
35-->src/main/AndroidManifest.xml:21:13-40
36            android:windowSoftInputMode="adjustResize" >
36-->src/main/AndroidManifest.xml:19:13-55
37
38            <!--
39                 Specifies an Android theme to apply to this Activity as soon as
40                 the Android process has started. This theme is visible to the user
41                 while the Flutter UI initializes. After that, this theme continues
42                 to determine the Window background behind the Flutter UI.
43            -->
44            <meta-data
44-->src/main/AndroidManifest.xml:28:13-31:17
45                android:name="io.flutter.embedding.android.NormalTheme"
45-->src/main/AndroidManifest.xml:29:15-70
46                android:resource="@style/NormalTheme" />
46-->src/main/AndroidManifest.xml:30:15-52
47            <!--
48                 Displays an Android View that continues showing the launch screen
49                 Drawable until Flutter paints its first frame, then this splash
50                 screen fades out. A splash screen is useful to avoid any visual
51                 gap between the end of Android's launch screen and the painting of
52                 Flutter's first frame.
53            -->
54            <meta-data
54-->src/main/AndroidManifest.xml:37:13-40:17
55                android:name="io.flutter.embedding.android.SplashScreenDrawable"
55-->src/main/AndroidManifest.xml:38:15-79
56                android:resource="@drawable/launch_background" />
56-->src/main/AndroidManifest.xml:39:15-61
57            <meta-data
57-->src/main/AndroidManifest.xml:42:13-44:33
58                android:name="flutterEmbedding"
58-->src/main/AndroidManifest.xml:43:13-44
59                android:value="2" />
59-->src/main/AndroidManifest.xml:44:13-30
60
61            <intent-filter>
61-->src/main/AndroidManifest.xml:46:13-52:29
62                <action android:name="android.intent.action.MAIN" />
62-->src/main/AndroidManifest.xml:47:17-68
62-->src/main/AndroidManifest.xml:47:25-66
63
64                <category android:name="android.intent.category.LAUNCHER" />
64-->src/main/AndroidManifest.xml:48:17-76
64-->src/main/AndroidManifest.xml:48:27-74
65            </intent-filter>
66        </activity>
67        <!--
68             Don't delete the meta-data below.
69             This is used by the Flutter tool to generate GeneratedPluginRegistrant.java
70        -->
71        <meta-data
71-->src/main/AndroidManifest.xml:42:13-44:33
72            android:name="flutterEmbedding"
72-->src/main/AndroidManifest.xml:43:13-44
73            android:value="2" />
73-->src/main/AndroidManifest.xml:44:13-30
74
75        <receiver
75-->src/main/AndroidManifest.xml:63:13-110
76            android:name="com.dexterous.flutterlocalnotifications.ScheduledNotificationReceiver"
76-->src/main/AndroidManifest.xml:63:23-107
77            android:exported="false" />
77-->[:flutter_local_notifications] AndroidManifest.xml:15:13-37
78        <receiver
78-->src/main/AndroidManifest.xml:64:13-71:24
79            android:name="com.dexterous.flutterlocalnotifications.ScheduledNotificationBootReceiver"
79-->src/main/AndroidManifest.xml:64:23-111
80            android:exported="false" >
80-->[:flutter_local_notifications] AndroidManifest.xml:18:13-37
81            <intent-filter>
81-->src/main/AndroidManifest.xml:65:17-70:33
82                <action android:name="android.intent.action.BOOT_COMPLETED" />
82-->src/main/AndroidManifest.xml:66:21-82
82-->src/main/AndroidManifest.xml:66:29-80
83                <action android:name="android.intent.action.MY_PACKAGE_REPLACED" />
83-->src/main/AndroidManifest.xml:67:21-87
83-->src/main/AndroidManifest.xml:67:29-85
84                <action android:name="android.intent.action.QUICKBOOT_POWERON" />
84-->src/main/AndroidManifest.xml:68:21-86
84-->src/main/AndroidManifest.xml:68:29-83
85                <action android:name="com.htc.intent.action.QUICKBOOT_POWERON" />
85-->src/main/AndroidManifest.xml:69:21-85
85-->src/main/AndroidManifest.xml:69:29-83
86            </intent-filter>
87        </receiver>
88    </application>
89
90</manifest>